<?xml version="1.0" encoding="UTF-8"?>
<!-- Generated by org.testng.reporters.JUnitReportReporter -->
<testsuite skipped="0" hostname="DESKTOP-BKH1E4P" name="ContactTest.ReadDataTest" tests="1" failures="0" timestamp="2022-03-14T16:28:32 IST" time="0.005" errors="0">
  <testcase name="readdataTest" time="0.005" classname="ContactTest.ReadDataTest"/>
  <system-out/>
</testsuite> <!-- ContactTest.ReadDataTest -->
